Programming Labs/AndroidApp/Trojan0Project/app/build/intermediates/manifest_merge_blame_file/debug/manifest-merger-blame-debug-report.txt
1<?xml version="1.0" encoding="utf-8"?>
2<manifest xmlns:android="http://schemas.android.com/apk/res/android"
3    package="com.example.trojan0project"
4    android:versionCode="1"
5    android:versionName="1.0" >
6
7    <uses-sdk
8        android:minSdkVersion="24"
9        android:targetSdkVersion="34" />
10
11    <!-- Permissions -->
12    <uses-permission android:name="android.permission.INTERNET" />
12-->src/main/AndroidManifest.xml:6:5-67
12-->src/main/AndroidManifest.xml:6:22-64
13    <uses-permission android:name="android.permission.ACCESS_NETWORK_STATE" />
13-->src/main/AndroidManifest.xml:7:5-79
13-->src/main/AndroidManifest.xml:7:22-76
14    <uses-permission android:name="android.permission.READ_MEDIA_IMAGES" />
14-->src/main/AndroidManifest.xml:8:5-76
14-->src/main/AndroidManifest.xml:8:22-73
15    <uses-permission android:name="android.permission.ACCESS_FINE_LOCATION" />
15-->src/main/AndroidManifest.xml:9:5-79
15-->src/main/AndroidManifest.xml:9:22-76
16    <uses-permission android:name="android.permission.ACCESS_COARSE_LOCATION" />
16-->src/main/AndroidManifest.xml:10:5-81
16-->src/main/AndroidManifest.xml:10:22-78
17    <uses-permission android:name="android.permission.POST_NOTIFICATIONS" />
17-->src/main/AndroidManifest.xml:11:5-77
17-->src/main/AndroidManifest.xml:11:22-74
18    <uses-permission android:name="android.permission.ACCESS_NOTIFICATION_POLICY" />
18-->src/main/AndroidManifest.xml:12:5-85
18-->src/main/AndroidManifest.xml:12:22-82
19    <uses-permission android:name="android.permission.CAMERA" /> <!-- Camera Permission -->
19-->src/main/AndroidManifest.xml:13:5-65
19-->src/main/AndroidManifest.xml:13:22-62
20    <uses-permission android:name="android.permission.READ_EXTERNAL_STORAGE" />
20-->src/main/AndroidManifest.xml:14:5-80
20-->src/main/AndroidManifest.xml:14:22-77
21    <uses-permission android:name="android.permission.POST_NOTIFICATIONS" /> <!-- Optional for Notifications -->
21-->src/main/AndroidManifest.xml:11:5-77
21-->src/main/AndroidManifest.xml:11:22-74
22    <uses-feature
22-->src/main/AndroidManifest.xml:16:5-77
23        android:name="android.hardware.camera"
23-->src/main/AndroidManifest.xml:16:19-57
24        required="false" />
24-->src/main/AndroidManifest.xml:16:58-74
25    <uses-feature
25-->[com.journeyapps:zxing-android-embedded:4.3.0] AndroidManifest.xml:28:5-30:36
26        android:name="android.hardware.camera.front"
26-->[com.journeyapps:zxing-android-embedded:4.3.0] AndroidManifest.xml:29:9-53
27        android:required="false" /> <!-- TODO replace above two with next line after Android 4.2 -->
27-->[com.journeyapps:zxing-android-embedded:4.3.0] AndroidManifest.xml:30:9-33
28    <!-- <uses-feature android:name="android.hardware.camera.any"/> -->
29    <uses-feature
29-->[com.journeyapps:zxing-android-embedded:4.3.0] AndroidManifest.xml:33:5-35:36
30        android:name="android.hardware.camera.autofocus"
30-->[com.journeyapps:zxing-android-embedded:4.3.0] AndroidManifest.xml:34:9-57
31        android:required="false" />
31-->[com.journeyapps:zxing-android-embedded:4.3.0] AndroidManifest.xml:35:9-33
32    <uses-feature
32-->[com.journeyapps:zxing-android-embedded:4.3.0] AndroidManifest.xml:36:5-38:36
33        android:name="android.hardware.camera.flash"
33-->[com.journeyapps:zxing-android-embedded:4.3.0] AndroidManifest.xml:37:9-53
34        android:required="false" />
34-->[com.journeyapps:zxing-android-embedded:4.3.0] AndroidManifest.xml:38:9-33
35    <uses-feature
35-->[com.journeyapps:zxing-android-embedded:4.3.0] AndroidManifest.xml:39:5-41:36
36        android:name="android.hardware.screen.landscape"
36-->[com.journeyapps:zxing-android-embedded:4.3.0] AndroidManifest.xml:40:9-57
37        android:required="false" />
37-->[com.journeyapps:zxing-android-embedded:4.3.0] AndroidManifest.xml:41:9-33
38    <uses-feature
38-->[com.journeyapps:zxing-android-embedded:4.3.0] AndroidManifest.xml:42:5-44:36
39        android:name="android.hardware.wifi"
39-->[com.journeyapps:zxing-android-embedded:4.3.0] AndroidManifest.xml:43:9-45
40        android:required="false" />
40-->[com.journeyapps:zxing-android-embedded:4.3.0] AndroidManifest.xml:44:9-33
41    <uses-feature
41-->[com.google.android.gms:play-services-maps:18.1.0] AndroidManifest.xml:26:5-28:35
42        android:glEsVersion="0x00020000"
42-->[com.google.android.gms:play-services-maps:18.1.0] AndroidManifest.xml:27:9-41
43        android:required="true" />
43-->[com.google.android.gms:play-services-maps:18.1.0] AndroidManifest.xml:28:9-32
44
45    <queries>
45-->[com.google.android.gms:play-services-maps:18.1.0] AndroidManifest.xml:30:5-34:15
46
47        <!-- Needs to be explicitly declared on Android R+ -->
48        <package android:name="com.google.android.apps.maps" />
48-->[com.google.android.gms:play-services-maps:18.1.0] AndroidManifest.xml:33:9-64
48-->[com.google.android.gms:play-services-maps:18.1.0] AndroidManifest.xml:33:18-61
49    </queries>
50
51    <permission
51-->[androidx.core:core:1.13.0] AndroidManifest.xml:22:5-24:47
52        android:name="com.example.trojan0project.DYNAMIC_RECEIVER_NOT_EXPORTED_PERMISSION"
52-->[androidx.core:core:1.13.0] AndroidManifest.xml:23:9-81
53        android:protectionLevel="signature" />
53-->[androidx.core:core:1.13.0] AndroidManifest.xml:24:9-44
54
55    <uses-permission android:name="com.example.trojan0project.DYNAMIC_RECEIVER_NOT_EXPORTED_PERMISSION" /> <!-- Allow devices without cameras -->
55-->[androidx.core:core:1.13.0] AndroidManifest.xml:26:5-97
55-->[androidx.core:core:1.13.0] AndroidManifest.xml:26:22-94
56    <application
56-->src/main/AndroidManifest.xml:18:5-77:19
57        android:allowBackup="true"
57-->src/main/AndroidManifest.xml:19:9-35
58        android:appComponentFactory="androidx.core.app.CoreComponentFactory"
58-->[androidx.core:core:1.13.0] AndroidManifest.xml:28:18-86
59        android:dataExtractionRules="@xml/data_extraction_rules"
59-->src/main/AndroidManifest.xml:20:9-65
60        android:debuggable="true"
61        android:extractNativeLibs="false"
62        android:fullBackupContent="@xml/backup_rules"
62-->src/main/AndroidManifest.xml:21:9-54
63        android:icon="@mipmap/ic_launcher"
63-->src/main/AndroidManifest.xml:22:9-43
64        android:label="@string/app_name"
64-->src/main/AndroidManifest.xml:23:9-41
65        android:roundIcon="@mipmap/ic_launcher_round"
65-->src/main/AndroidManifest.xml:24:9-54
66        android:supportsRtl="true"
66-->src/main/AndroidManifest.xml:25:9-35
67        android:testOnly="true"
68        android:theme="@style/Theme.Trojan0Project" >
68-->src/main/AndroidManifest.xml:26:9-52
69
70        <!-- Activities -->
71        <activity android:name="com.example.trojan0project.Controller.Organizer.MapEntrants" />
71-->src/main/AndroidManifest.xml:30:9-69
71-->src/main/AndroidManifest.xml:30:19-67
72        <activity android:name="com.example.trojan0project.Controller.Entrant.UserSignUpActivity" />
72-->src/main/AndroidManifest.xml:31:9-75
72-->src/main/AndroidManifest.xml:31:19-72
73        <activity android:name="com.example.trojan0project.Controller.Organizer.OrganizerSignUpActivity" /> <!-- Added this line -->
73-->src/main/AndroidManifest.xml:32:9-82
73-->src/main/AndroidManifest.xml:32:19-79
74        <activity android:name="com.example.trojan0project.Controller.Entrant.ViewProfile" />
74-->src/main/AndroidManifest.xml:33:9-68
74-->src/main/AndroidManifest.xml:33:19-65
75        <activity android:name="com.example.trojan0project.Controller.Entrant.ViewEvents" />
75-->src/main/AndroidManifest.xml:34:9-67
75-->src/main/AndroidManifest.xml:34:19-64
76        <activity android:name="com.example.trojan0project.Controller.Organizer.CreateEventActivity" />
76-->src/main/AndroidManifest.xml:35:9-78
76-->src/main/AndroidManifest.xml:35:19-75
77        <activity android:name="com.example.trojan0project.Controller.Organizer.OrganizerPageActivity" />
77-->src/main/AndroidManifest.xml:36:9-80
77-->src/main/AndroidManifest.xml:36:19-77
78        <activity android:name="com.example.trojan0project.Controller.Admin.BrowseProfileAdmin" />
78-->src/main/AndroidManifest.xml:37:9-73
78-->src/main/AndroidManifest.xml:37:19-70
79        <activity android:name="com.example.trojan0project.Controller.Admin.BrowseImagesAdmin" />
79-->src/main/AndroidManifest.xml:38:9-72
79-->src/main/AndroidManifest.xml:38:19-69
80        <activity android:name="com.example.trojan0project.Controller.Entrant.JoinWaitlist" />
80-->src/main/AndroidManifest.xml:39:9-69
80-->src/main/AndroidManifest.xml:39:19-66
81        <activity android:name="com.example.trojan0project.Controller.Admin.DisplayEventDetails" />
81-->src/main/AndroidManifest.xml:40:9-74
81-->src/main/AndroidManifest.xml:40:19-71
82        <activity android:name="com.example.trojan0project.Controller.Admin.EventActivity" />
82-->src/main/AndroidManifest.xml:41:9-68
82-->src/main/AndroidManifest.xml:41:19-65
83        <activity android:name="com.example.trojan0project.Controller.Admin.FacilityActivity" />
83-->src/main/AndroidManifest.xml:42:9-71
83-->src/main/AndroidManifest.xml:42:19-68
84        <activity android:name="com.example.trojan0project.Controller.CommonControllers.EventsListActivityOrganizer" />
84-->src/main/AndroidManifest.xml:43:9-94
84-->src/main/AndroidManifest.xml:43:19-91
85        <activity android:name="com.example.trojan0project.Controller.Organizer.EventDetailsActivityOrganizer" />
85-->src/main/AndroidManifest.xml:44:9-88
85-->src/main/AndroidManifest.xml:44:19-85
86        <activity android:name="com.example.trojan0project.Controller.Organizer.ViewFinalEntrantsEventActivity" />
86-->src/main/AndroidManifest.xml:45:9-89
86-->src/main/AndroidManifest.xml:45:19-86
87        <activity android:name="com.example.trojan0project.Controller.Admin.AdminMain" />
87-->src/main/AndroidManifest.xml:46:9-63
87-->src/main/AndroidManifest.xml:46:19-61
88        <activity android:name="com.example.trojan0project.Controller.Entrant.EntrantMain" />
88-->src/main/AndroidManifest.xml:47:9-67
88-->src/main/AndroidManifest.xml:47:19-65
89        <activity android:name="com.example.trojan0project.Controller.Organizer.SystemSample" />
89-->src/main/AndroidManifest.xml:48:9-70
89-->src/main/AndroidManifest.xml:48:19-68
90
91        <!-- QR Code Scanner Activity -->
92        <activity
92-->src/main/AndroidManifest.xml:51:9-53:46
93            android:name="com.example.trojan0project.Controller.Entrant.QrScannerActivity"
93-->src/main/AndroidManifest.xml:52:13-65
94            android:launchMode="singleTop" />
94-->src/main/AndroidManifest.xml:53:13-43
95
96        <!-- Event Details Activity -->
97        <activity
97-->src/main/AndroidManifest.xml:56:9-58:46
98            android:name="com.example.trojan0project.Controller.CommonControllers.EventDetailsActivity"
98-->src/main/AndroidManifest.xml:57:13-78
99            android:launchMode="singleTop" />
99-->src/main/AndroidManifest.xml:58:13-43
100        <activity
100-->src/main/AndroidManifest.xml:60:9-68:20
101            android:name="com.example.trojan0project.MainActivity"
101-->src/main/AndroidManifest.xml:61:13-41
102            android:exported="true" >
102-->src/main/AndroidManifest.xml:62:13-36
103            <intent-filter>
103-->src/main/AndroidManifest.xml:63:13-67:29
104                <action android:name="android.intent.action.MAIN" />
104-->src/main/AndroidManifest.xml:64:17-69
104-->src/main/AndroidManifest.xml:64:25-66
105
106                <category android:name="android.intent.category.LAUNCHER" />
106-->src/main/AndroidManifest.xml:66:17-77
106-->src/main/AndroidManifest.xml:66:27-74
107            </intent-filter>
108        </activity>
109
110        <!-- Preloaded Fonts -->
111        <meta-data
111-->src/main/AndroidManifest.xml:71:9-73:57
112            android:name="preloaded_fonts"
112-->src/main/AndroidManifest.xml:72:13-43
113            android:resource="@array/preloaded_fonts" />
113-->src/main/AndroidManifest.xml:73:13-54
114        <meta-data
114-->src/main/AndroidManifest.xml:74:9-76:71
115            android:name="com.google.android.geo.API_KEY"
115-->src/main/AndroidManifest.xml:75:13-58
116            android:value="AIzaSyDOFX_MpuEUR4kVKMLGhxLA9fkYM-f7BTI" />
116-->src/main/AndroidManifest.xml:76:13-68
117
118        <service
118-->[com.google.firebase:firebase-storage:21.0.1] AndroidManifest.xml:27:9-36:19
119            android:name="com.google.firebase.components.ComponentDiscoveryService"
119-->[com.google.firebase:firebase-storage:21.0.1] AndroidManifest.xml:28:13-84
120            android:directBootAware="true"
120-->[com.google.firebase:firebase-common:21.0.0] AndroidManifest.xml:32:13-43
121            android:exported="false" >
121-->[com.google.firebase:firebase-storage:21.0.1] AndroidManifest.xml:29:13-37
122            <meta-data
122-->[com.google.firebase:firebase-storage:21.0.1] AndroidManifest.xml:30:13-32:85
123                android:name="com.google.firebase.components:com.google.firebase.storage.FirebaseStorageKtxRegistrar"
123-->[com.google.firebase:firebase-storage:21.0.1] AndroidManifest.xml:31:17-118
124                android:value="com.google.firebase.components.ComponentRegistrar" />
124-->[com.google.firebase:firebase-storage:21.0.1] AndroidManifest.xml:32:17-82
125            <meta-data
125-->[com.google.firebase:firebase-storage:21.0.1] AndroidManifest.xml:33:13-35:85
126                android:name="com.google.firebase.components:com.google.firebase.storage.StorageRegistrar"
126-->[com.google.firebase:firebase-storage:21.0.1] AndroidManifest.xml:34:17-107
127                android:value="com.google.firebase.components.ComponentRegistrar" />
127-->[com.google.firebase:firebase-storage:21.0.1] AndroidManifest.xml:35:17-82
128            <meta-data
128-->[com.google.firebase:firebase-firestore:25.1.1] AndroidManifest.xml:17:13-19:85
129                android:name="com.google.firebase.components:com.google.firebase.firestore.FirebaseFirestoreKtxRegistrar"
129-->[com.google.firebase:firebase-firestore:25.1.1] AndroidManifest.xml:18:17-122
130                android:value="com.google.firebase.components.ComponentRegistrar" />
130-->[com.google.firebase:firebase-firestore:25.1.1] AndroidManifest.xml:19:17-82
131            <meta-data
131-->[com.google.firebase:firebase-firestore:25.1.1] AndroidManifest.xml:20:13-22:85
132                android:name="com.google.firebase.components:com.google.firebase.firestore.FirestoreRegistrar"
132-->[com.google.firebase:firebase-firestore:25.1.1] AndroidManifest.xml:21:17-111
133                android:value="com.google.firebase.components.ComponentRegistrar" />
133-->[com.google.firebase:firebase-firestore:25.1.1] AndroidManifest.xml:22:17-82
134            <meta-data
134-->[com.google.firebase:firebase-database:21.0.0] AndroidManifest.xml:29:13-31:85
135                android:name="com.google.firebase.components:com.google.firebase.database.FirebaseDatabaseKtxRegistrar"
135-->[com.google.firebase:firebase-database:21.0.0] AndroidManifest.xml:30:17-120
136                android:value="com.google.firebase.components.ComponentRegistrar" />
136-->[com.google.firebase:firebase-database:21.0.0] AndroidManifest.xml:31:17-82
137            <meta-data
137-->[com.google.firebase:firebase-database:21.0.0] AndroidManifest.xml:32:13-34:85
138                android:name="com.google.firebase.components:com.google.firebase.database.DatabaseRegistrar"
138-->[com.google.firebase:firebase-database:21.0.0] AndroidManifest.xml:33:17-109
139                android:value="com.google.firebase.components.ComponentRegistrar" />
139-->[com.google.firebase:firebase-database:21.0.0] AndroidManifest.xml:34:17-82
140            <meta-data
140-->[com.google.firebase:firebase-appcheck:18.0.0] AndroidManifest.xml:25:13-27:85
141                android:name="com.google.firebase.components:com.google.firebase.appcheck.FirebaseAppCheckKtxRegistrar"
141-->[com.google.firebase:firebase-appcheck:18.0.0] AndroidManifest.xml:26:17-120
142                android:value="com.google.firebase.components.ComponentRegistrar" />
142-->[com.google.firebase:firebase-appcheck:18.0.0] AndroidManifest.xml:27:17-82
143            <meta-data
143-->[com.google.firebase:firebase-appcheck:18.0.0] AndroidManifest.xml:28:13-30:85
144                android:name="com.google.firebase.components:com.google.firebase.appcheck.FirebaseAppCheckRegistrar"
144-->[com.google.firebase:firebase-appcheck:18.0.0] AndroidManifest.xml:29:17-117
145                android:value="com.google.firebase.components.ComponentRegistrar" />
145-->[com.google.firebase:firebase-appcheck:18.0.0] AndroidManifest.xml:30:17-82
146            <meta-data
146-->[com.google.firebase:firebase-common-ktx:21.0.0] AndroidManifest.xml:12:13-14:85
147                android:name="com.google.firebase.components:com.google.firebase.ktx.FirebaseCommonLegacyRegistrar"
147-->[com.google.firebase:firebase-common-ktx:21.0.0] AndroidManifest.xml:13:17-116
148                android:value="com.google.firebase.components.ComponentRegistrar" />
148-->[com.google.firebase:firebase-common-ktx:21.0.0] AndroidManifest.xml:14:17-82
149            <meta-data
149-->[com.google.firebase:firebase-common:21.0.0] AndroidManifest.xml:35:13-37:85
150                android:name="com.google.firebase.components:com.google.firebase.FirebaseCommonKtxRegistrar"
150-->[com.google.firebase:firebase-common:21.0.0] AndroidManifest.xml:36:17-109
151                android:value="com.google.firebase.components.ComponentRegistrar" />
151-->[com.google.firebase:firebase-common:21.0.0] AndroidManifest.xml:37:17-82
152        </service>
153
154        <activity
154-->[com.journeyapps:zxing-android-embedded:4.3.0] AndroidManifest.xml:47:9-53:63
155            android:name="com.journeyapps.barcodescanner.CaptureActivity"
155-->[com.journeyapps:zxing-android-embedded:4.3.0] AndroidManifest.xml:48:13-74
156            android:clearTaskOnLaunch="true"
156-->[com.journeyapps:zxing-android-embedded:4.3.0] AndroidManifest.xml:49:13-45
157            android:screenOrientation="sensorLandscape"
157-->[com.journeyapps:zxing-android-embedded:4.3.0] AndroidManifest.xml:50:13-56
158            android:stateNotNeeded="true"
158-->[com.journeyapps:zxing-android-embedded:4.3.0] AndroidManifest.xml:51:13-42
159            android:theme="@style/zxing_CaptureTheme"
159-->[com.journeyapps:zxing-android-embedded:4.3.0] AndroidManifest.xml:52:13-54
160            android:windowSoftInputMode="stateAlwaysHidden" /> <!-- Needs to be explicitly declared on P+ -->
160-->[com.journeyapps:zxing-android-embedded:4.3.0] AndroidManifest.xml:53:13-60
161        <uses-library
161-->[com.google.android.gms:play-services-maps:18.1.0] AndroidManifest.xml:39:9-41:40
162            android:name="org.apache.http.legacy"
162-->[com.google.android.gms:play-services-maps:18.1.0] AndroidManifest.xml:40:13-50
163            android:required="false" />
163-->[com.google.android.gms:play-services-maps:18.1.0] AndroidManifest.xml:41:13-37
164
165        <activity
165-->[com.google.android.gms:play-services-base:18.1.0] AndroidManifest.xml:20:9-22:45
166            android:name="com.google.android.gms.common.api.GoogleApiActivity"
166-->[com.google.android.gms:play-services-base:18.1.0] AndroidManifest.xml:20:19-85
167            android:exported="false"
167-->[com.google.android.gms:play-services-base:18.1.0] AndroidManifest.xml:22:19-43
168            android:theme="@android:style/Theme.Translucent.NoTitleBar" />
168-->[com.google.android.gms:play-services-base:18.1.0] AndroidManifest.xml:21:19-78
169
170        <provider
170-->[com.google.firebase:firebase-common:21.0.0] AndroidManifest.xml:23:9-28:39
171            android:name="com.google.firebase.provider.FirebaseInitProvider"
171-->[com.google.firebase:firebase-common:21.0.0] AndroidManifest.xml:24:13-77
172            android:authorities="com.example.trojan0project.firebaseinitprovider"
172-->[com.google.firebase:firebase-common:21.0.0] AndroidManifest.xml:25:13-72
173            android:directBootAware="true"
173-->[com.google.firebase:firebase-common:21.0.0] AndroidManifest.xml:26:13-43
174            android:exported="false"
174-->[com.google.firebase:firebase-common:21.0.0] AndroidManifest.xml:27:13-37
175            android:initOrder="100" />
175-->[com.google.firebase:firebase-common:21.0.0] AndroidManifest.xml:28:13-36
176        <provider
176-->[androidx.emoji2:emoji2:1.3.0] AndroidManifest.xml:24:9-32:20
177            android:name="androidx.startup.InitializationProvider"
177-->[androidx.emoji2:emoji2:1.3.0] AndroidManifest.xml:25:13-67
178            android:authorities="com.example.trojan0project.androidx-startup"
178-->[androidx.emoji2:emoji2:1.3.0] AndroidManifest.xml:26:13-68
179            android:exported="false" >
179-->[androidx.emoji2:emoji2:1.3.0] AndroidManifest.xml:27:13-37
180            <meta-data
180-->[androidx.emoji2:emoji2:1.3.0] AndroidManifest.xml:29:13-31:52
181                android:name="androidx.emoji2.text.EmojiCompatInitializer"
181-->[androidx.emoji2:emoji2:1.3.0] AndroidManifest.xml:30:17-75
182                android:value="androidx.startup" />
182-->[androidx.emoji2:emoji2:1.3.0] AndroidManifest.xml:31:17-49
183            <meta-data
183-->[androidx.lifecycle:lifecycle-process:2.6.2] AndroidManifest.xml:29:13-31:52
184                android:name="androidx.lifecycle.ProcessLifecycleInitializer"
184-->[androidx.lifecycle:lifecycle-process:2.6.2] AndroidManifest.xml:30:17-78
185                android:value="androidx.startup" />
185-->[androidx.lifecycle:lifecycle-process:2.6.2] AndroidManifest.xml:31:17-49
186            <meta-data
186-->[androidx.profileinstaller:profileinstaller:1.3.1] AndroidManifest.xml:29:13-31:52
187                android:name="androidx.profileinstaller.ProfileInstallerInitializer"
187-->[androidx.profileinstaller:profileinstaller:1.3.1] AndroidManifest.xml:30:17-85
188                android:value="androidx.startup" />
188-->[androidx.profileinstaller:profileinstaller:1.3.1] AndroidManifest.xml:31:17-49
189        </provider>
190
191        <uses-library
191-->[androidx.window:window:1.0.0] AndroidManifest.xml:25:9-27:40
192            android:name="androidx.window.extensions"
192-->[androidx.window:window:1.0.0] AndroidManifest.xml:26:13-54
193            android:required="false" />
193-->[androidx.window:window:1.0.0] AndroidManifest.xml:27:13-37
194        <uses-library
194-->[androidx.window:window:1.0.0] AndroidManifest.xml:28:9-30:40
195            android:name="androidx.window.sidecar"
195-->[androidx.window:window:1.0.0] AndroidManifest.xml:29:13-51
196            android:required="false" />
196-->[androidx.window:window:1.0.0] AndroidManifest.xml:30:13-37
197
198        <meta-data
198-->[com.google.android.gms:play-services-basement:18.3.0] AndroidManifest.xml:21:9-23:69
199            android:name="com.google.android.gms.version"
199-->[com.google.android.gms:play-services-basement:18.3.0] AndroidManifest.xml:22:13-58
200            android:value="@integer/google_play_services_version" />
200-->[com.google.android.gms:play-services-basement:18.3.0] AndroidManifest.xml:23:13-66
201
202        <receiver
202-->[androidx.profileinstaller:profileinstaller:1.3.1] AndroidManifest.xml:34:9-52:20
203            android:name="androidx.profileinstaller.ProfileInstallReceiver"
203-->[androidx.profileinstaller:profileinstaller:1.3.1] AndroidManifest.xml:35:13-76
204            android:directBootAware="false"
204-->[androidx.profileinstaller:profileinstaller:1.3.1] AndroidManifest.xml:36:13-44
205            android:enabled="true"
205-->[androidx.profileinstaller:profileinstaller:1.3.1] AndroidManifest.xml:37:13-35
206            android:exported="true"
206-->[androidx.profileinstaller:profileinstaller:1.3.1] AndroidManifest.xml:38:13-36
207            android:permission="android.permission.DUMP" >
207-->[androidx.profileinstaller:profileinstaller:1.3.1] AndroidManifest.xml:39:13-57
208            <intent-filter>
208-->[androidx.profileinstaller:profileinstaller:1.3.1] AndroidManifest.xml:40:13-42:29
209                <action android:name="androidx.profileinstaller.action.INSTALL_PROFILE" />
209-->[androidx.profileinstaller:profileinstaller:1.3.1] AndroidManifest.xml:41:17-91
209-->[androidx.profileinstaller:profileinstaller:1.3.1] AndroidManifest.xml:41:25-88
210            </intent-filter>
211            <intent-filter>
211-->[androidx.profileinstaller:profileinstaller:1.3.1] AndroidManifest.xml:43:13-45:29
212                <action android:name="androidx.profileinstaller.action.SKIP_FILE" />
212-->[androidx.profileinstaller:profileinstaller:1.3.1] AndroidManifest.xml:44:17-85
212-->[androidx.profileinstaller:profileinstaller:1.3.1] AndroidManifest.xml:44:25-82
213            </intent-filter>
214            <intent-filter>
214-->[androidx.profileinstaller:profileinstaller:1.3.1] AndroidManifest.xml:46:13-48:29
215                <action android:name="androidx.profileinstaller.action.SAVE_PROFILE" />
215-->[androidx.profileinstaller:profileinstaller:1.3.1] AndroidManifest.xml:47:17-88
215-->[androidx.profileinstaller:profileinstaller:1.3.1] AndroidManifest.xml:47:25-85
216            </intent-filter>
217            <intent-filter>
217-->[androidx.profileinstaller:profileinstaller:1.3.1] AndroidManifest.xml:49:13-51:29
218                <action android:name="androidx.profileinstaller.action.BENCHMARK_OPERATION" />
218-->[androidx.profileinstaller:profileinstaller:1.3.1] AndroidManifest.xml:50:17-95
218-->[androidx.profileinstaller:profileinstaller:1.3.1] AndroidManifest.xml:50:25-92
219            </intent-filter>
220        </receiver>
221    </application>
222
223</manifest>